<?xml version="1.0" encoding="UTF-8"?>
<!-- Generated by org.testng.reporters.JUnitXMLReporter -->
<testsuite ignored="3" hostname="DELL-C0HKRC2" failures="0" tests="1" name="Test" time="12.584" errors="0" timestamp="2021-10-02T19:44:07 ART">
  <testcase classname="Edit.EducacionIt.Laboratorio1" name="lab1_e1" time="12.541"/>
  <testcase classname="Edit.EducacionIt.Laboratorio1" name="lab1_e2" time="0.0">
    <ignored/>
  </testcase> <!-- lab1_e2 -->
  <testcase classname="Edit.EducacionIt.Laboratorio1" name="lab1_e3" time="0.0">
    <ignored/>
  </testcase> <!-- lab1_e3 -->
  <testcase classname="Edit.EducacionIt.Laboratorio1" name="lab1_test" time="0.0">
    <ignored/>
  </testcase> <!-- lab1_test -->
</testsuite> <!-- Test -->
