<?xml version="1.0" encoding="UTF-8"?>
<testng-results ignored="0" total="1" passed="1" failed="0" skipped="0">
  <reporter-output>
  </reporter-output>
  <suite started-at="2021-10-24T14:39:24 ART" name="Default suite" finished-at="2021-10-24T14:39:26 ART" duration-ms="2246">
    <groups>
    </groups>
    <test started-at="2021-10-24T14:39:24 ART" name="Default test" finished-at="2021-10-24T14:39:26 ART" duration-ms="2246">
      <class name="pruebas.Laboratorio6_E1a">
        <test-method is-config="true" signature="setUp()[pri:0, instance:pruebas.Laboratorio6_E1a@7334aada]" started-at="2021-10-24T14:39:17 ART" name="setUp" finished-at="2021-10-24T14:39:24 ART" duration-ms="6939" status="PASS">
          <reporter-output>
          </reporter-output>
        </test-method> <!-- setUp -->
        <test-method signature="buscarPalabra()[pri:0, instance:pruebas.Laboratorio6_E1a@7334aada]" started-at="2021-10-24T14:39:24 ART" name="buscarPalabra" finished-at="2021-10-24T14:39:25 ART" duration-ms="363" status="PASS">
          <reporter-output>
          </reporter-output>
        </test-method> <!-- buscarPalabra -->
        <test-method is-config="true" signature="capturarPantalla()[pri:0, instance:pruebas.Laboratorio6_E1a@7334aada]" started-at="2021-10-24T14:39:25 ART" name="capturarPantalla" finished-at="2021-10-24T14:39:26 ART" duration-ms="1844" status="PASS">
          <reporter-output>
          </reporter-output>
        </test-method> <!-- capturarPantalla -->
        <test-method is-config="true" signature="cerrar()[pri:0, instance:pruebas.Laboratorio6_E1a@7334aada]" started-at="2021-10-24T14:39:27 ART" name="cerrar" finished-at="2021-10-24T14:39:27 ART" duration-ms="190" status="PASS">
          <reporter-output>
          </reporter-output>
        </test-method> <!-- cerrar -->
      </class> <!-- pruebas.Laboratorio6_E1a -->
    </test> <!-- Default test -->
  </suite> <!-- Default suite -->
</testng-results>
